<?xml version="1.0" encoding="UTF-8"?>
<!-- Generated by org.testng.reporters.JUnitReportReporter -->
<testsuite hostname="Kevin" failures="0" tests="1" name="org.testclass.StartTestCase" time="9.086" errors="0" timestamp="2024-06-14T02:13:07 IST" skipped="0">
  <testcase classname="org.testclass.StartTestCase" name="Start3" time="9.086"/>
</testsuite> <!-- org.testclass.StartTestCase -->
