<?xml version="1.0" encoding="UTF-8"?>
<!-- Generated by org.testng.reporters.JUnitReportReporter -->
<testsuite hostname="Kevin" failures="0" tests="1" name="org.testclass.LoginTestCase" time="4.996" errors="0" timestamp="2024-06-14T02:00:00 IST" skipped="0">
  <testcase classname="org.testclass.LoginTestCase" name="NewLogin" time="4.996"/>
</testsuite> <!-- org.testclass.LoginTestCase -->
